<?xml version="1.0" encoding="UTF-8"?>
<!-- Generated by org.testng.reporters.JUnitXMLReporter -->
<testsuite hostname="DESKTOP-E93L96M" ignored="0" name="Test" tests="3" failures="0" timestamp="19 Aug 2018 15:21:05 GMT" time="0.077" errors="0">
  <testcase name="test1" time="0.01" classname="com.webdriver.IncludeMethods"/>
  <testcase name="test12" time="0.002" classname="com.webdriver.IncludeMethods"/>
  <testcase name="test13" time="0.004" classname="com.webdriver.IncludeMethods"/>
</testsuite> <!-- Test -->
