<?xml version="1.0" encoding="UTF-8"?>
<!-- Generated by org.testng.reporters.JUnitXMLReporter -->
<testsuite hostname="DESKTOP-E93L96M" ignored="4" name="Test" tests="4" failures="0" timestamp="04 Jan 2019 06:22:40 GMT" time="0.063" errors="0">
  <testcase name="m1" time="0.017" classname="listeners.Ex1"/>
  <testcase name="m2" time="0.009" classname="listeners.Ex1"/>
  <testcase name="t1" time="0.004" classname="listeners.Ex2"/>
  <testcase name="t2" time="0.0" classname="listeners.Ex2"/>
  <testcase name="t3" time="0.0" classname="listeners.Ex2">
    <ignored/>
  </testcase> <!-- t3 -->
  <testcase name="t4" time="0.0" classname="listeners.Ex2">
    <ignored/>
  </testcase> <!-- t4 -->
  <testcase name="m4" time="0.0" classname="listeners.Ex1">
    <ignored/>
  </testcase> <!-- m4 -->
  <testcase name="m3" time="0.0" classname="listeners.Ex1">
    <ignored/>
  </testcase> <!-- m3 -->
</testsuite> <!-- Test -->
