<?xml version="1.0" encoding="UTF-8"?>
<testng-results skipped="0" failed="0" ignored="0" total="3" passed="3">
  <reporter-output>
  </reporter-output>
  <suite name="Default suite" duration-ms="109558" started-at="2019-01-07T05:50:49Z" finished-at="2019-01-07T05:52:38Z">
    <groups>
    </groups>
    <test name="Default test" duration-ms="109558" started-at="2019-01-07T05:50:49Z" finished-at="2019-01-07T05:52:38Z">
      <class name="utilities.Data">
        <test-method status="PASS" signature="method(java.lang.String, java.lang.String)[pri:0, instance:utilities.Data@49dc7102]" name="method" duration-ms="19" started-at="2019-01-07T05:52:38Z" data-provider="multiple" finished-at="2019-01-07T05:52:38Z">
          <params>
            <param index="0">
              <value>
                <![CDATA[bhai0raju]]>
              </value>
            </param>
            <param index="1">
              <value>
                <![CDATA[raju3333]]>
              </value>
            </param>
          </params>
          <reporter-output>
          </reporter-output>
        </test-method> <!-- method -->
        <test-method status="PASS" signature="method(java.lang.String, java.lang.String)[pri:0, instance:utilities.Data@49dc7102]" name="method" duration-ms="6" started-at="2019-01-07T05:52:38Z" data-provider="multiple" finished-at="2019-01-07T05:52:38Z">
          <params>
            <param index="0">
              <value>
                <![CDATA[bhai0raju]]>
              </value>
            </param>
            <param index="1">
              <value>
                <![CDATA[raju3333]]>
              </value>
            </param>
          </params>
          <reporter-output>
          </reporter-output>
        </test-method> <!-- method -->
        <test-method status="PASS" signature="method(java.lang.String, java.lang.String)[pri:0, instance:utilities.Data@49dc7102]" name="method" duration-ms="4" started-at="2019-01-07T05:52:38Z" data-provider="multiple" finished-at="2019-01-07T05:52:38Z">
          <params>
            <param index="0">
              <value>
                <![CDATA[bhai0raju]]>
              </value>
            </param>
            <param index="1">
              <value>
                <![CDATA[raju3333]]>
              </value>
            </param>
          </params>
          <reporter-output>
          </reporter-output>
        </test-method> <!-- method -->
      </class> <!-- utilities.Data -->
    </test> <!-- Default test -->
  </suite> <!-- Default suite -->
</testng-results>
