<?xml version="1.0" encoding="UTF-8"?>
<testng-results skipped="0" failed="0" ignored="0" total="1" passed="1">
  <reporter-output>
  </reporter-output>
  <suite name="Default suite" duration-ms="14327" started-at="2018-09-09T14:21:33Z" finished-at="2018-09-09T14:21:47Z">
    <groups>
    </groups>
    <test name="Default test" duration-ms="14327" started-at="2018-09-09T14:21:33Z" finished-at="2018-09-09T14:21:47Z">
      <class name="com.webdriver.DatePicker">
        <test-method status="PASS" signature="selectDate()[pri:0, instance:com.webdriver.DatePicker@4e718207]" name="selectDate" duration-ms="14286" started-at="2018-09-09T14:21:33Z" finished-at="2018-09-09T14:21:47Z">
          <reporter-output>
          </reporter-output>
        </test-method> <!-- selectDate -->
      </class> <!-- com.webdriver.DatePicker -->
    </test> <!-- Default test -->
  </suite> <!-- Default suite -->
</testng-results>
